-------------------------------------------------------------------------------
Test set: TestSuite
-------------------------------------------------------------------------------
Tests run: 2, Failures: 2, Errors: 0, Skipped: 0, Time elapsed: 14.546 sec <<< FAILURE! - in TestSuite
device2Execution(learnGridAppium.TestCase2)  Time elapsed: 12.793 sec  <<< FAILURE!
org.openqa.selenium.SessionNotCreatedException: 
Unable to create a new remote session. Please check the server log for more details. Original error: Unable to parse remote response: <html>
<head>
<meta http-equiv="Content-Type" content="text/html;charset=utf-8"/>
<title>Error 500 Server Error</title>
</head>
<body><h2>HTTP ERROR 500</h2>
<p>Problem accessing /wd/hub/session. Reason:
<pre>    Server Error</pre></p><h3>Caused by:</h3><pre>java.io.IOException: org.openqa.grid.common.exception.GridException: Cannot extract a capabilities from the request: {
  &quot;desiredCapabilities&quot;: {
    &quot;appActivity&quot;: &quot;com.android.calculator2.Calculator&quot;,
    &quot;appPackage&quot;: &quot;com.android.calculator2&quot;,
    &quot;automationName&quot;: &quot;UiAutomator2&quot;,
    &quot;suppressKillServer&quot;: true,
    &quot;platformName&quot;: &quot;Android&quot;
  },
  &quot;capabilities&quot;: {
    &quot;firstMatch&quot;: [
      {
        &quot;appium:appActivity&quot;: &quot;com.android.calculator2.Calculator&quot;,
        &quot;appium:appPackage&quot;: &quot;com.android.calculator2&quot;,
        &quot;appium:automationName&quot;: &quot;UiAutomator2&quot;,
        &quot;platformName&quot;: &quot;android&quot;,
        &quot;suppressKillServer&quot;: true
      }
    ]
  }
}
	at org.openqa.grid.web.servlet.DriverServlet.process(DriverServlet.java:138)
	at org.openqa.grid.web.servlet.DriverServlet.doPost(DriverServlet.java:69)
	at javax.servlet.http.HttpServlet.service(HttpServlet.java:707)
	at javax.servlet.http.HttpServlet.service(HttpServlet.java:790)
	at org.seleniumhq.jetty9.servlet.ServletHolder.handle(ServletHolder.java:865)
	at org.seleniumhq.jetty9.servlet.ServletHandler.doHandle(ServletHandler.java:535)
	at org.seleniumhq.jetty9.server.handler.ScopedHandler.handle(ScopedHandler.java:146)
	at org.seleniumhq.jetty9.security.SecurityHandler.handle(SecurityHandler.java:548)
	at org.seleniumhq.jetty9.server.handler.HandlerWrapper.handle(HandlerWrapper.java:132)
	at org.seleniumhq.jetty9.server.handler.ScopedHandler.nextHandle(ScopedHandler.java:257)
	at org.seleniumhq.jetty9.server.session.SessionHandler.doHandle(SessionHandler.java:1595)
	at org.seleniumhq.jetty9.server.handler.ScopedHandler.nextHandle(ScopedHandler.java:255)
	at org.seleniumhq.jetty9.server.handler.ContextHandler.doHandle(ContextHandler.java:1340)
	at org.seleniumhq.jetty9.server.handler.ScopedHandler.nextScope(ScopedHandler.java:203)
	at org.seleniumhq.jetty9.servlet.ServletHandler.doScope(ServletHandler.java:473)
	at org.seleniumhq.jetty9.server.session.SessionHandler.doScope(SessionHandler.java:1564)
	at org.seleniumhq.jetty9.server.handler.ScopedHandler.nextScope(ScopedHandler.java:201)
	at org.seleniumhq.jetty9.server.handler.ContextHandler.doScope(ContextHandler.java:1242)
	at org.seleniumhq.jetty9.server.handler.ScopedHandler.handle(ScopedHandler.java:144)
	at org.seleniumhq.jetty9.server.handler.HandlerWrapper.handle(HandlerWrapper.java:132)
	at org.seleniumhq.jetty9.server.Server.handle(Server.java:503)
	at org.seleniumhq.jetty9.server.HttpChannel.handle(HttpChannel.java:364)
	at org.seleniumhq.jetty9.server.HttpConnection.onFillable(HttpConnection.java:260)
	at org.seleniumhq.jetty9.io.AbstractConnection$ReadCallback.succeeded(AbstractConnection.java:305)
	at org.seleniumhq.jetty9.io.FillInterest.fillable(FillInterest.java:103)
	at org.seleniumhq.jetty9.io.ChannelEndPoint$2.run(ChannelEndPoint.java:118)
	at org.seleniumhq.jetty9.util.thread.strategy.EatWhatYouKill.runTask(EatWhatYouKill.java:333)
	at org.seleniumhq.jetty9.util.thread.strategy.EatWhatYouKill.doProduce(EatWhatYouKill.java:310)
	at org.seleniumhq.jetty9.util.thread.strategy.EatWhatYouKill.tryProduce(EatWhatYouKill.java:168)
	at org.seleniumhq.jetty9.util.thread.strategy.EatWhatYouKill.run(EatWhatYouKill.java:126)
	at org.seleniumhq.jetty9.util.thread.ReservedThreadExecutor$ReservedThread.run(ReservedThreadExecutor.java:366)
	at org.seleniumhq.jetty9.util.thread.QueuedThreadPool.runJob(QueuedThreadPool.java:765)
	at org.seleniumhq.jetty9.util.thread.QueuedThreadPool$2.run(QueuedThreadPool.java:683)
	at java.lang.Thread.run(Thread.java:748)
Caused by: org.openqa.grid.common.exception.GridException: Cannot extract a capabilities from the request: {
  &quot;desiredCapabilities&quot;: {
    &quot;appActivity&quot;: &quot;com.android.calculator2.Calculator&quot;,
    &quot;appPackage&quot;: &quot;com.android.calculator2&quot;,
    &quot;automationName&quot;: &quot;UiAutomator2&quot;,
    &quot;suppressKillServer&quot;: true,
    &quot;platformName&quot;: &quot;Android&quot;
  },
  &quot;capabilities&quot;: {
    &quot;firstMatch&quot;: [
      {
        &quot;appium:appActivity&quot;: &quot;com.android.calculator2.Calculator&quot;,
        &quot;appium:appPackage&quot;: &quot;com.android.calculator2&quot;,
        &quot;appium:automationName&quot;: &quot;UiAutomator2&quot;,
        &quot;platformName&quot;: &quot;android&quot;,
        &quot;suppressKillServer&quot;: true
      }
    ]
  }
}
	at org.openqa.grid.web.servlet.handler.WebDriverRequest.extractDesiredCapability(WebDriverRequest.java:74)
	at org.openqa.grid.web.servlet.handler.SeleniumBasedRequest.&lt;init&gt;(SeleniumBasedRequest.java:102)
	at org.openqa.grid.web.servlet.handler.WebDriverRequest.&lt;init&gt;(WebDriverRequest.java:36)
	at org.openqa.grid.web.servlet.handler.WebDriverRequestFactory.createFromRequest(WebDriverRequestFactory.java:30)
	at org.openqa.grid.web.servlet.handler.SeleniumBasedRequest.createFromRequest(SeleniumBasedRequest.java:73)
	at org.openqa.grid.web.servlet.DriverServlet.process(DriverServlet.java:83)
	... 33 more
Caused by: java.lang.IllegalArgumentException: Illegal key values seen in w3c capabilities: [suppressKillServer]
	at org.openqa.selenium.remote.NewSessionPayload.lambda$validate$5(NewSessionPayload.java:205)
	at java.util.stream.ReferencePipeline$11$1.accept(ReferencePipeline.java:372)
	at java.util.stream.ReferencePipeline$11$1.accept(ReferencePipeline.java:373)
	at java.util.stream.ReferencePipeline$3$1.accept(ReferencePipeline.java:193)
	at java.util.stream.ReferencePipeline$11$1.accept(ReferencePipeline.java:373)
	at java.util.ArrayList$ArrayListSpliterator.forEachRemaining(ArrayList.java:1384)
	at java.util.stream.AbstractPipeline.copyInto(AbstractPipeline.java:482)
	at java.util.stream.AbstractPipeline.wrapAndCopyInto(AbstractPipeline.java:472)
	at java.util.stream.ForEachOps$ForEachOp.evaluateSequential(ForEachOps.java:151)
	at java.util.stream.ForEachOps$ForEachOp$OfRef.evaluateSequential(ForEachOps.java:174)
	at java.util.stream.AbstractPipeline.evaluate(AbstractPipeline.java:234)
	at java.util.stream.ReferencePipeline.forEach(ReferencePipeline.java:418)
	at org.openqa.selenium.remote.NewSessionPayload.validate(NewSessionPayload.java:209)
	at org.openqa.selenium.remote.NewSessionPayload.&lt;init&gt;(NewSessionPayload.java:154)
	at org.openqa.selenium.remote.NewSessionPayload.create(NewSessionPayload.java:105)
	at org.openqa.grid.web.servlet.handler.WebDriverRequest.extractDesiredCapability(WebDriverRequest.java:66)
	... 38 more
</pre>
<h3>Caused by:</h3><pre>org.openqa.grid.common.exception.GridException: Cannot extract a capabilities from the request: {
  &quot;desiredCapabilities&quot;: {
    &quot;appActivity&quot;: &quot;com.android.calculator2.Calculator&quot;,
    &quot;appPackage&quot;: &quot;com.android.calculator2&quot;,
    &quot;automationName&quot;: &quot;UiAutomator2&quot;,
    &quot;suppressKillServer&quot;: true,
    &quot;platformName&quot;: &quot;Android&quot;
  },
  &quot;capabilities&quot;: {
    &quot;firstMatch&quot;: [
      {
        &quot;appium:appActivity&quot;: &quot;com.android.calculator2.Calculator&quot;,
        &quot;appium:appPackage&quot;: &quot;com.android.calculator2&quot;,
        &quot;appium:automationName&quot;: &quot;UiAutomator2&quot;,
        &quot;platformName&quot;: &quot;android&quot;,
        &quot;suppressKillServer&quot;: true
      }
    ]
  }
}
	at org.openqa.grid.web.servlet.handler.WebDriverRequest.extractDesiredCapability(WebDriverRequest.java:74)
	at org.openqa.grid.web.servlet.handler.SeleniumBasedRequest.&lt;init&gt;(SeleniumBasedRequest.java:102)
	at org.openqa.grid.web.servlet.handler.WebDriverRequest.&lt;init&gt;(WebDriverRequest.java:36)
	at org.openqa.grid.web.servlet.handler.WebDriverRequestFactory.createFromRequest(WebDriverRequestFactory.java:30)
	at org.openqa.grid.web.servlet.handler.SeleniumBasedRequest.createFromRequest(SeleniumBasedRequest.java:73)
	at org.openqa.grid.web.servlet.DriverServlet.process(DriverServlet.java:83)
	at org.openqa.grid.web.servlet.DriverServlet.doPost(DriverServlet.java:69)
	at javax.servlet.http.HttpServlet.service(HttpServlet.java:707)
	at javax.servlet.http.HttpServlet.service(HttpServlet.java:790)
	at org.seleniumhq.jetty9.servlet.ServletHolder.handle(ServletHolder.java:865)
	at org.seleniumhq.jetty9.servlet.ServletHandler.doHandle(ServletHandler.java:535)
	at org.seleniumhq.jetty9.server.handler.ScopedHandler.handle(ScopedHandler.java:146)
	at org.seleniumhq.jetty9.security.SecurityHandler.handle(SecurityHandler.java:548)
	at org.seleniumhq.jetty9.server.handler.HandlerWrapper.handle(HandlerWrapper.java:132)
	at org.seleniumhq.jetty9.server.handler.ScopedHandler.nextHandle(ScopedHandler.java:257)
	at org.seleniumhq.jetty9.server.session.SessionHandler.doHandle(SessionHandler.java:1595)
	at org.seleniumhq.jetty9.server.handler.ScopedHandler.nextHandle(ScopedHandler.java:255)
	at org.seleniumhq.jetty9.server.handler.ContextHandler.doHandle(ContextHandler.java:1340)
	at org.seleniumhq.jetty9.server.handler.ScopedHandler.nextScope(ScopedHandler.java:203)
	at org.seleniumhq.jetty9.servlet.ServletHandler.doScope(ServletHandler.java:473)
	at org.seleniumhq.jetty9.server.session.SessionHandler.doScope(SessionHandler.java:1564)
	at org.seleniumhq.jetty9.server.handler.ScopedHandler.nextScope(ScopedHandler.java:201)
	at org.seleniumhq.jetty9.server.handler.ContextHandler.doScope(ContextHandler.java:1242)
	at org.seleniumhq.jetty9.server.handler.ScopedHandler.handle(ScopedHandler.java:144)
	at org.seleniumhq.jetty9.server.handler.HandlerWrapper.handle(HandlerWrapper.java:132)
	at org.seleniumhq.jetty9.server.Server.handle(Server.java:503)
	at org.seleniumhq.jetty9.server.HttpChannel.handle(HttpChannel.java:364)
	at org.seleniumhq.jetty9.server.HttpConnection.onFillable(HttpConnection.java:260)
	at org.seleniumhq.jetty9.io.AbstractConnection$ReadCallback.succeeded(AbstractConnection.java:305)
	at org.seleniumhq.jetty9.io.FillInterest.fillable(FillInterest.java:103)
	at org.seleniumhq.jetty9.io.ChannelEndPoint$2.run(ChannelEndPoint.java:118)
	at org.seleniumhq.jetty9.util.thread.strategy.EatWhatYouKill.runTask(EatWhatYouKill.java:333)
	at org.seleniumhq.jetty9.util.thread.strategy.EatWhatYouKill.doProduce(EatWhatYouKill.java:310)
	at org.seleniumhq.jetty9.util.thread.strategy.EatWhatYouKill.tryProduce(EatWhatYouKill.java:168)
	at org.seleniumhq.jetty9.util.thread.strategy.EatWhatYouKill.run(EatWhatYouKill.java:126)
	at org.seleniumhq.jetty9.util.thread.ReservedThreadExecutor$ReservedThread.run(ReservedThreadExecutor.java:366)
	at org.seleniumhq.jetty9.util.thread.QueuedThreadPool.runJob(QueuedThreadPool.java:765)
	at org.seleniumhq.jetty9.util.thread.QueuedThreadPool$2.run(QueuedThreadPool.java:683)
	at java.lang.Thread.run(Thread.java:748)
Caused by: java.lang.IllegalArgumentException: Illegal key values seen in w3c capabilities: [suppressKillServer]
	at org.openqa.selenium.remote.NewSessionPayload.lambda$validate$5(NewSessionPayload.java:205)
	at java.util.stream.ReferencePipeline$11$1.accept(ReferencePipeline.java:372)
	at java.util.stream.ReferencePipeline$11$1.accept(ReferencePipeline.java:373)
	at java.util.stream.ReferencePipeline$3$1.accept(ReferencePipeline.java:193)
	at java.util.stream.ReferencePipeline$11$1.accept(ReferencePipeline.java:373)
	at java.util.ArrayList$ArrayListSpliterator.forEachRemaining(ArrayList.java:1384)
	at java.util.stream.AbstractPipeline.copyInto(AbstractPipeline.java:482)
	at java.util.stream.AbstractPipeline.wrapAndCopyInto(AbstractPipeline.java:472)
	at java.util.stream.ForEachOps$ForEachOp.evaluateSequential(ForEachOps.java:151)
	at java.util.stream.ForEachOps$ForEachOp$OfRef.evaluateSequential(ForEachOps.java:174)
	at java.util.stream.AbstractPipeline.evaluate(AbstractPipeline.java:234)
	at java.util.stream.ReferencePipeline.forEach(ReferencePipeline.java:418)
	at org.openqa.selenium.remote.NewSessionPayload.validate(NewSessionPayload.java:209)
	at org.openqa.selenium.remote.NewSessionPayload.&lt;init&gt;(NewSessionPayload.java:154)
	at org.openqa.selenium.remote.NewSessionPayload.create(NewSessionPayload.java:105)
	at org.openqa.grid.web.servlet.handler.WebDriverRequest.extractDesiredCapability(WebDriverRequest.java:66)
	... 38 more
</pre>
<h3>Caused by:</h3><pre>java.lang.IllegalArgumentException: Illegal key values seen in w3c capabilities: [suppressKillServer]
	at org.openqa.selenium.remote.NewSessionPayload.lambda$validate$5(NewSessionPayload.java:205)
	at java.util.stream.ReferencePipeline$11$1.accept(ReferencePipeline.java:372)
	at java.util.stream.ReferencePipeline$11$1.accept(ReferencePipeline.java:373)
	at java.util.stream.ReferencePipeline$3$1.accept(ReferencePipeline.java:193)
	at java.util.stream.ReferencePipeline$11$1.accept(ReferencePipeline.java:373)
	at java.util.ArrayList$ArrayListSpliterator.forEachRemaining(ArrayList.java:1384)
	at java.util.stream.AbstractPipeline.copyInto(AbstractPipeline.java:482)
	at java.util.stream.AbstractPipeline.wrapAndCopyInto(AbstractPipeline.java:472)
	at java.util.stream.ForEachOps$ForEachOp.evaluateSequential(ForEachOps.java:151)
	at java.util.stream.ForEachOps$ForEachOp$OfRef.evaluateSequential(ForEachOps.java:174)
	at java.util.stream.AbstractPipeline.evaluate(AbstractPipeline.java:234)
	at java.util.stream.ReferencePipeline.forEach(ReferencePipeline.java:418)
	at org.openqa.selenium.remote.NewSessionPayload.validate(NewSessionPayload.java:209)
	at org.openqa.selenium.remote.NewSessionPayload.&lt;init&gt;(NewSessionPayload.java:154)
	at org.openqa.selenium.remote.NewSessionPayload.create(NewSessionPayload.java:105)
	at org.openqa.grid.web.servlet.handler.WebDriverRequest.extractDesiredCapability(WebDriverRequest.java:66)
	at org.openqa.grid.web.servlet.handler.SeleniumBasedRequest.&lt;init&gt;(SeleniumBasedRequest.java:102)
	at org.openqa.grid.web.servlet.handler.WebDriverRequest.&lt;init&gt;(WebDriverRequest.java:36)
	at org.openqa.grid.web.servlet.handler.WebDriverRequestFactory.createFromRequest(WebDriverRequestFactory.java:30)
	at org.openqa.grid.web.servlet.handler.SeleniumBasedRequest.createFromRequest(SeleniumBasedRequest.java:73)
	at org.openqa.grid.web.servlet.DriverServlet.process(DriverServlet.java:83)
	at org.openqa.grid.web.servlet.DriverServlet.doPost(DriverServlet.java:69)
	at javax.servlet.http.HttpServlet.service(HttpServlet.java:707)
	at javax.servlet.http.HttpServlet.service(HttpServlet.java:790)
	at org.seleniumhq.jetty9.servlet.ServletHolder.handle(ServletHolder.java:865)
	at org.seleniumhq.jetty9.servlet.ServletHandler.doHandle(ServletHandler.java:535)
	at org.seleniumhq.jetty9.server.handler.ScopedHandler.handle(ScopedHandler.java:146)
	at org.seleniumhq.jetty9.security.SecurityHandler.handle(SecurityHandler.java:548)
	at org.seleniumhq.jetty9.server.handler.HandlerWrapper.handle(HandlerWrapper.java:132)
	at org.seleniumhq.jetty9.server.handler.ScopedHandler.nextHandle(ScopedHandler.java:257)
	at org.seleniumhq.jetty9.server.session.SessionHandler.doHandle(SessionHandler.java:1595)
	at org.seleniumhq.jetty9.server.handler.ScopedHandler.nextHandle(ScopedHandler.java:255)
	at org.seleniumhq.jetty9.server.handler.ContextHandler.doHandle(ContextHandler.java:1340)
	at org.seleniumhq.jetty9.server.handler.ScopedHandler.nextScope(ScopedHandler.java:203)
	at org.seleniumhq.jetty9.servlet.ServletHandler.doScope(ServletHandler.java:473)
	at org.seleniumhq.jetty9.server.session.SessionHandler.doScope(SessionHandler.java:1564)
	at org.seleniumhq.jetty9.server.handler.ScopedHandler.nextScope(ScopedHandler.java:201)
	at org.seleniumhq.jetty9.server.handler.ContextHandler.doScope(ContextHandler.java:1242)
	at org.seleniumhq.jetty9.server.handler.ScopedHandler.handle(ScopedHandler.java:144)
	at org.seleniumhq.jetty9.server.handler.HandlerWrapper.handle(HandlerWrapper.java:132)
	at org.seleniumhq.jetty9.server.Server.handle(Server.java:503)
	at org.seleniumhq.jetty9.server.HttpChannel.handle(HttpChannel.java:364)
	at org.seleniumhq.jetty9.server.HttpConnection.onFillable(HttpConnection.java:260)
	at org.seleniumhq.jetty9.io.AbstractConnection$ReadCallback.succeeded(AbstractConnection.java:305)
	at org.seleniumhq.jetty9.io.FillInterest.fillable(FillInterest.java:103)
	at org.seleniumhq.jetty9.io.ChannelEndPoint$2.run(ChannelEndPoint.java:118)
	at org.seleniumhq.jetty9.util.thread.strategy.EatWhatYouKill.runTask(EatWhatYouKill.java:333)
	at org.seleniumhq.jetty9.util.thread.strategy.EatWhatYouKill.doProduce(EatWhatYouKill.java:310)
	at org.seleniumhq.jetty9.util.thread.strategy.EatWhatYouKill.tryProduce(EatWhatYouKill.java:168)
	at org.seleniumhq.jetty9.util.thread.strategy.EatWhatYouKill.run(EatWhatYouKill.java:126)
	at org.seleniumhq.jetty9.util.thread.ReservedThreadExecutor$ReservedThread.run(ReservedThreadExecutor.java:366)
	at org.seleniumhq.jetty9.util.thread.QueuedThreadPool.runJob(QueuedThreadPool.java:765)
	at org.seleniumhq.jetty9.util.thread.QueuedThreadPool$2.run(QueuedThreadPool.java:683)
	at java.lang.Thread.run(Thread.java:748)
</pre>
<hr><a href="http://eclipse.org/jetty">Powered by Jetty:// 9.4.z-SNAPSHOT</a><hr/>

</body>
</html>

Build info: version: '3.141.59', revision: 'e82be7d358', time: '2018-11-14T08:17:03'
System info: host: 'DESKTOP-2BP4J25', ip: '192.168.1.102', os.name: 'Windows 10', os.arch: 'amd64', os.version: '10.0', java.version: '1.8.0_291'
Driver info: driver.version: AndroidDriver
	at learnGridAppium.TestCase2.device2Execution(TestCase2.java:24)
Caused by: java.lang.reflect.InvocationTargetException
	at learnGridAppium.TestCase2.device2Execution(TestCase2.java:24)
Caused by: org.openqa.selenium.WebDriverException: 
Unable to parse remote response: <html>
<head>
<meta http-equiv="Content-Type" content="text/html;charset=utf-8"/>
<title>Error 500 Server Error</title>
</head>
<body><h2>HTTP ERROR 500</h2>
<p>Problem accessing /wd/hub/session. Reason:
<pre>    Server Error</pre></p><h3>Caused by:</h3><pre>java.io.IOException: org.openqa.grid.common.exception.GridException: Cannot extract a capabilities from the request: {
  &quot;desiredCapabilities&quot;: {
    &quot;appActivity&quot;: &quot;com.android.calculator2.Calculator&quot;,
    &quot;appPackage&quot;: &quot;com.android.calculator2&quot;,
    &quot;automationName&quot;: &quot;UiAutomator2&quot;,
    &quot;suppressKillServer&quot;: true,
    &quot;platformName&quot;: &quot;Android&quot;
  },
  &quot;capabilities&quot;: {
    &quot;firstMatch&quot;: [
      {
        &quot;appium:appActivity&quot;: &quot;com.android.calculator2.Calculator&quot;,
        &quot;appium:appPackage&quot;: &quot;com.android.calculator2&quot;,
        &quot;appium:automationName&quot;: &quot;UiAutomator2&quot;,
        &quot;platformName&quot;: &quot;android&quot;,
        &quot;suppressKillServer&quot;: true
      }
    ]
  }
}
	at org.openqa.grid.web.servlet.DriverServlet.process(DriverServlet.java:138)
	at org.openqa.grid.web.servlet.DriverServlet.doPost(DriverServlet.java:69)
	at javax.servlet.http.HttpServlet.service(HttpServlet.java:707)
	at javax.servlet.http.HttpServlet.service(HttpServlet.java:790)
	at org.seleniumhq.jetty9.servlet.ServletHolder.handle(ServletHolder.java:865)
	at org.seleniumhq.jetty9.servlet.ServletHandler.doHandle(ServletHandler.java:535)
	at org.seleniumhq.jetty9.server.handler.ScopedHandler.handle(ScopedHandler.java:146)
	at org.seleniumhq.jetty9.security.SecurityHandler.handle(SecurityHandler.java:548)
	at org.seleniumhq.jetty9.server.handler.HandlerWrapper.handle(HandlerWrapper.java:132)
	at org.seleniumhq.jetty9.server.handler.ScopedHandler.nextHandle(ScopedHandler.java:257)
	at org.seleniumhq.jetty9.server.session.SessionHandler.doHandle(SessionHandler.java:1595)
	at org.seleniumhq.jetty9.server.handler.ScopedHandler.nextHandle(ScopedHandler.java:255)
	at org.seleniumhq.jetty9.server.handler.ContextHandler.doHandle(ContextHandler.java:1340)
	at org.seleniumhq.jetty9.server.handler.ScopedHandler.nextScope(ScopedHandler.java:203)
	at org.seleniumhq.jetty9.servlet.ServletHandler.doScope(ServletHandler.java:473)
	at org.seleniumhq.jetty9.server.session.SessionHandler.doScope(SessionHandler.java:1564)
	at org.seleniumhq.jetty9.server.handler.ScopedHandler.nextScope(ScopedHandler.java:201)
	at org.seleniumhq.jetty9.server.handler.ContextHandler.doScope(ContextHandler.java:1242)
	at org.seleniumhq.jetty9.server.handler.ScopedHandler.handle(ScopedHandler.java:144)
	at org.seleniumhq.jetty9.server.handler.HandlerWrapper.handle(HandlerWrapper.java:132)
	at org.seleniumhq.jetty9.server.Server.handle(Server.java:503)
	at org.seleniumhq.jetty9.server.HttpChannel.handle(HttpChannel.java:364)
	at org.seleniumhq.jetty9.server.HttpConnection.onFillable(HttpConnection.java:260)
	at org.seleniumhq.jetty9.io.AbstractConnection$ReadCallback.succeeded(AbstractConnection.java:305)
	at org.seleniumhq.jetty9.io.FillInterest.fillable(FillInterest.java:103)
	at org.seleniumhq.jetty9.io.ChannelEndPoint$2.run(ChannelEndPoint.java:118)
	at org.seleniumhq.jetty9.util.thread.strategy.EatWhatYouKill.runTask(EatWhatYouKill.java:333)
	at org.seleniumhq.jetty9.util.thread.strategy.EatWhatYouKill.doProduce(EatWhatYouKill.java:310)
	at org.seleniumhq.jetty9.util.thread.strategy.EatWhatYouKill.tryProduce(EatWhatYouKill.java:168)
	at org.seleniumhq.jetty9.util.thread.strategy.EatWhatYouKill.run(EatWhatYouKill.java:126)
	at org.seleniumhq.jetty9.util.thread.ReservedThreadExecutor$ReservedThread.run(ReservedThreadExecutor.java:366)
	at org.seleniumhq.jetty9.util.thread.QueuedThreadPool.runJob(QueuedThreadPool.java:765)
	at org.seleniumhq.jetty9.util.thread.QueuedThreadPool$2.run(QueuedThreadPool.java:683)
	at java.lang.Thread.run(Thread.java:748)
Caused by: org.openqa.grid.common.exception.GridException: Cannot extract a capabilities from the request: {
  &quot;desiredCapabilities&quot;: {
    &quot;appActivity&quot;: &quot;com.android.calculator2.Calculator&quot;,
    &quot;appPackage&quot;: &quot;com.android.calculator2&quot;,
    &quot;automationName&quot;: &quot;UiAutomator2&quot;,
    &quot;suppressKillServer&quot;: true,
    &quot;platformName&quot;: &quot;Android&quot;
  },
  &quot;capabilities&quot;: {
    &quot;firstMatch&quot;: [
      {
        &quot;appium:appActivity&quot;: &quot;com.android.calculator2.Calculator&quot;,
        &quot;appium:appPackage&quot;: &quot;com.android.calculator2&quot;,
        &quot;appium:automationName&quot;: &quot;UiAutomator2&quot;,
        &quot;platformName&quot;: &quot;android&quot;,
        &quot;suppressKillServer&quot;: true
      }
    ]
  }
}
	at org.openqa.grid.web.servlet.handler.WebDriverRequest.extractDesiredCapability(WebDriverRequest.java:74)
	at org.openqa.grid.web.servlet.handler.SeleniumBasedRequest.&lt;init&gt;(SeleniumBasedRequest.java:102)
	at org.openqa.grid.web.servlet.handler.WebDriverRequest.&lt;init&gt;(WebDriverRequest.java:36)
	at org.openqa.grid.web.servlet.handler.WebDriverRequestFactory.createFromRequest(WebDriverRequestFactory.java:30)
	at org.openqa.grid.web.servlet.handler.SeleniumBasedRequest.createFromRequest(SeleniumBasedRequest.java:73)
	at org.openqa.grid.web.servlet.DriverServlet.process(DriverServlet.java:83)
	... 33 more
Caused by: java.lang.IllegalArgumentException: Illegal key values seen in w3c capabilities: [suppressKillServer]
	at org.openqa.selenium.remote.NewSessionPayload.lambda$validate$5(NewSessionPayload.java:205)
	at java.util.stream.ReferencePipeline$11$1.accept(ReferencePipeline.java:372)
	at java.util.stream.ReferencePipeline$11$1.accept(ReferencePipeline.java:373)
	at java.util.stream.ReferencePipeline$3$1.accept(ReferencePipeline.java:193)
	at java.util.stream.ReferencePipeline$11$1.accept(ReferencePipeline.java:373)
	at java.util.ArrayList$ArrayListSpliterator.forEachRemaining(ArrayList.java:1384)
	at java.util.stream.AbstractPipeline.copyInto(AbstractPipeline.java:482)
	at java.util.stream.AbstractPipeline.wrapAndCopyInto(AbstractPipeline.java:472)
	at java.util.stream.ForEachOps$ForEachOp.evaluateSequential(ForEachOps.java:151)
	at java.util.stream.ForEachOps$ForEachOp$OfRef.evaluateSequential(ForEachOps.java:174)
	at java.util.stream.AbstractPipeline.evaluate(AbstractPipeline.java:234)
	at java.util.stream.ReferencePipeline.forEach(ReferencePipeline.java:418)
	at org.openqa.selenium.remote.NewSessionPayload.validate(NewSessionPayload.java:209)
	at org.openqa.selenium.remote.NewSessionPayload.&lt;init&gt;(NewSessionPayload.java:154)
	at org.openqa.selenium.remote.NewSessionPayload.create(NewSessionPayload.java:105)
	at org.openqa.grid.web.servlet.handler.WebDriverRequest.extractDesiredCapability(WebDriverRequest.java:66)
	... 38 more
</pre>
<h3>Caused by:</h3><pre>org.openqa.grid.common.exception.GridException: Cannot extract a capabilities from the request: {
  &quot;desiredCapabilities&quot;: {
    &quot;appActivity&quot;: &quot;com.android.calculator2.Calculator&quot;,
    &quot;appPackage&quot;: &quot;com.android.calculator2&quot;,
    &quot;automationName&quot;: &quot;UiAutomator2&quot;,
    &quot;suppressKillServer&quot;: true,
    &quot;platformName&quot;: &quot;Android&quot;
  },
  &quot;capabilities&quot;: {
    &quot;firstMatch&quot;: [
      {
        &quot;appium:appActivity&quot;: &quot;com.android.calculator2.Calculator&quot;,
        &quot;appium:appPackage&quot;: &quot;com.android.calculator2&quot;,
        &quot;appium:automationName&quot;: &quot;UiAutomator2&quot;,
        &quot;platformName&quot;: &quot;android&quot;,
        &quot;suppressKillServer&quot;: true
      }
    ]
  }
}
	at org.openqa.grid.web.servlet.handler.WebDriverRequest.extractDesiredCapability(WebDriverRequest.java:74)
	at org.openqa.grid.web.servlet.handler.SeleniumBasedRequest.&lt;init&gt;(SeleniumBasedRequest.java:102)
	at org.openqa.grid.web.servlet.handler.WebDriverRequest.&lt;init&gt;(WebDriverRequest.java:36)
	at org.openqa.grid.web.servlet.handler.WebDriverRequestFactory.createFromRequest(WebDriverRequestFactory.java:30)
	at org.openqa.grid.web.servlet.handler.SeleniumBasedRequest.createFromRequest(SeleniumBasedRequest.java:73)
	at org.openqa.grid.web.servlet.DriverServlet.process(DriverServlet.java:83)
	at org.openqa.grid.web.servlet.DriverServlet.doPost(DriverServlet.java:69)
	at javax.servlet.http.HttpServlet.service(HttpServlet.java:707)
	at javax.servlet.http.HttpServlet.service(HttpServlet.java:790)
	at org.seleniumhq.jetty9.servlet.ServletHolder.handle(ServletHolder.java:865)
	at org.seleniumhq.jetty9.servlet.ServletHandler.doHandle(ServletHandler.java:535)
	at org.seleniumhq.jetty9.server.handler.ScopedHandler.handle(ScopedHandler.java:146)
	at org.seleniumhq.jetty9.security.SecurityHandler.handle(SecurityHandler.java:548)
	at org.seleniumhq.jetty9.server.handler.HandlerWrapper.handle(HandlerWrapper.java:132)
	at org.seleniumhq.jetty9.server.handler.ScopedHandler.nextHandle(ScopedHandler.java:257)
	at org.seleniumhq.jetty9.server.session.SessionHandler.doHandle(SessionHandler.java:1595)
	at org.seleniumhq.jetty9.server.handler.ScopedHandler.nextHandle(ScopedHandler.java:255)
	at org.seleniumhq.jetty9.server.handler.ContextHandler.doHandle(ContextHandler.java:1340)
	at org.seleniumhq.jetty9.server.handler.ScopedHandler.nextScope(ScopedHandler.java:203)
	at org.seleniumhq.jetty9.servlet.ServletHandler.doScope(ServletHandler.java:473)
	at org.seleniumhq.jetty9.server.session.SessionHandler.doScope(SessionHandler.java:1564)
	at org.seleniumhq.jetty9.server.handler.ScopedHandler.nextScope(ScopedHandler.java:201)
	at org.seleniumhq.jetty9.server.handler.ContextHandler.doScope(ContextHandler.java:1242)
	at org.seleniumhq.jetty9.server.handler.ScopedHandler.handle(ScopedHandler.java:144)
	at org.seleniumhq.jetty9.server.handler.HandlerWrapper.handle(HandlerWrapper.java:132)
	at org.seleniumhq.jetty9.server.Server.handle(Server.java:503)
	at org.seleniumhq.jetty9.server.HttpChannel.handle(HttpChannel.java:364)
	at org.seleniumhq.jetty9.server.HttpConnection.onFillable(HttpConnection.java:260)
	at org.seleniumhq.jetty9.io.AbstractConnection$ReadCallback.succeeded(AbstractConnection.java:305)
	at org.seleniumhq.jetty9.io.FillInterest.fillable(FillInterest.java:103)
	at org.seleniumhq.jetty9.io.ChannelEndPoint$2.run(ChannelEndPoint.java:118)
	at org.seleniumhq.jetty9.util.thread.strategy.EatWhatYouKill.runTask(EatWhatYouKill.java:333)
	at org.seleniumhq.jetty9.util.thread.strategy.EatWhatYouKill.doProduce(EatWhatYouKill.java:310)
	at org.seleniumhq.jetty9.util.thread.strategy.EatWhatYouKill.tryProduce(EatWhatYouKill.java:168)
	at org.seleniumhq.jetty9.util.thread.strategy.EatWhatYouKill.run(EatWhatYouKill.java:126)
	at org.seleniumhq.jetty9.util.thread.ReservedThreadExecutor$ReservedThread.run(ReservedThreadExecutor.java:366)
	at org.seleniumhq.jetty9.util.thread.QueuedThreadPool.runJob(QueuedThreadPool.java:765)
	at org.seleniumhq.jetty9.util.thread.QueuedThreadPool$2.run(QueuedThreadPool.java:683)
	at java.lang.Thread.run(Thread.java:748)
Caused by: java.lang.IllegalArgumentException: Illegal key values seen in w3c capabilities: [suppressKillServer]
	at org.openqa.selenium.remote.NewSessionPayload.lambda$validate$5(NewSessionPayload.java:205)
	at java.util.stream.ReferencePipeline$11$1.accept(ReferencePipeline.java:372)
	at java.util.stream.ReferencePipeline$11$1.accept(ReferencePipeline.java:373)
	at java.util.stream.ReferencePipeline$3$1.accept(ReferencePipeline.java:193)
	at java.util.stream.ReferencePipeline$11$1.accept(ReferencePipeline.java:373)
	at java.util.ArrayList$ArrayListSpliterator.forEachRemaining(ArrayList.java:1384)
	at java.util.stream.AbstractPipeline.copyInto(AbstractPipeline.java:482)
	at java.util.stream.AbstractPipeline.wrapAndCopyInto(AbstractPipeline.java:472)
	at java.util.stream.ForEachOps$ForEachOp.evaluateSequential(ForEachOps.java:151)
	at java.util.stream.ForEachOps$ForEachOp$OfRef.evaluateSequential(ForEachOps.java:174)
	at java.util.stream.AbstractPipeline.evaluate(AbstractPipeline.java:234)
	at java.util.stream.ReferencePipeline.forEach(ReferencePipeline.java:418)
	at org.openqa.selenium.remote.NewSessionPayload.validate(NewSessionPayload.java:209)
	at org.openqa.selenium.remote.NewSessionPayload.&lt;init&gt;(NewSessionPayload.java:154)
	at org.openqa.selenium.remote.NewSessionPayload.create(NewSessionPayload.java:105)
	at org.openqa.grid.web.servlet.handler.WebDriverRequest.extractDesiredCapability(WebDriverRequest.java:66)
	... 38 more
</pre>
<h3>Caused by:</h3><pre>java.lang.IllegalArgumentException: Illegal key values seen in w3c capabilities: [suppressKillServer]
	at org.openqa.selenium.remote.NewSessionPayload.lambda$validate$5(NewSessionPayload.java:205)
	at java.util.stream.ReferencePipeline$11$1.accept(ReferencePipeline.java:372)
	at java.util.stream.ReferencePipeline$11$1.accept(ReferencePipeline.java:373)
	at java.util.stream.ReferencePipeline$3$1.accept(ReferencePipeline.java:193)
	at java.util.stream.ReferencePipeline$11$1.accept(ReferencePipeline.java:373)
	at java.util.ArrayList$ArrayListSpliterator.forEachRemaining(ArrayList.java:1384)
	at java.util.stream.AbstractPipeline.copyInto(AbstractPipeline.java:482)
	at java.util.stream.AbstractPipeline.wrapAndCopyInto(AbstractPipeline.java:472)
	at java.util.stream.ForEachOps$ForEachOp.evaluateSequential(ForEachOps.java:151)
	at java.util.stream.ForEachOps$ForEachOp$OfRef.evaluateSequential(ForEachOps.java:174)
	at java.util.stream.AbstractPipeline.evaluate(AbstractPipeline.java:234)
	at java.util.stream.ReferencePipeline.forEach(ReferencePipeline.java:418)
	at org.openqa.selenium.remote.NewSessionPayload.validate(NewSessionPayload.java:209)
	at org.openqa.selenium.remote.NewSessionPayload.&lt;init&gt;(NewSessionPayload.java:154)
	at org.openqa.selenium.remote.NewSessionPayload.create(NewSessionPayload.java:105)
	at org.openqa.grid.web.servlet.handler.WebDriverRequest.extractDesiredCapability(WebDriverRequest.java:66)
	at org.openqa.grid.web.servlet.handler.SeleniumBasedRequest.&lt;init&gt;(SeleniumBasedRequest.java:102)
	at org.openqa.grid.web.servlet.handler.WebDriverRequest.&lt;init&gt;(WebDriverRequest.java:36)
	at org.openqa.grid.web.servlet.handler.WebDriverRequestFactory.createFromRequest(WebDriverRequestFactory.java:30)
	at org.openqa.grid.web.servlet.handler.SeleniumBasedRequest.createFromRequest(SeleniumBasedRequest.java:73)
	at org.openqa.grid.web.servlet.DriverServlet.process(DriverServlet.java:83)
	at org.openqa.grid.web.servlet.DriverServlet.doPost(DriverServlet.java:69)
	at javax.servlet.http.HttpServlet.service(HttpServlet.java:707)
	at javax.servlet.http.HttpServlet.service(HttpServlet.java:790)
	at org.seleniumhq.jetty9.servlet.ServletHolder.handle(ServletHolder.java:865)
	at org.seleniumhq.jetty9.servlet.ServletHandler.doHandle(ServletHandler.java:535)
	at org.seleniumhq.jetty9.server.handler.ScopedHandler.handle(ScopedHandler.java:146)
	at org.seleniumhq.jetty9.security.SecurityHandler.handle(SecurityHandler.java:548)
	at org.seleniumhq.jetty9.server.handler.HandlerWrapper.handle(HandlerWrapper.java:132)
	at org.seleniumhq.jetty9.server.handler.ScopedHandler.nextHandle(ScopedHandler.java:257)
	at org.seleniumhq.jetty9.server.session.SessionHandler.doHandle(SessionHandler.java:1595)
	at org.seleniumhq.jetty9.server.handler.ScopedHandler.nextHandle(ScopedHandler.java:255)
	at org.seleniumhq.jetty9.server.handler.ContextHandler.doHandle(ContextHandler.java:1340)
	at org.seleniumhq.jetty9.server.handler.ScopedHandler.nextScope(ScopedHandler.java:203)
	at org.seleniumhq.jetty9.servlet.ServletHandler.doScope(ServletHandler.java:473)
	at org.seleniumhq.jetty9.server.session.SessionHandler.doScope(SessionHandler.java:1564)
	at org.seleniumhq.jetty9.server.handler.ScopedHandler.nextScope(ScopedHandler.java:201)
	at org.seleniumhq.jetty9.server.handler.ContextHandler.doScope(ContextHandler.java:1242)
	at org.seleniumhq.jetty9.server.handler.ScopedHandler.handle(ScopedHandler.java:144)
	at org.seleniumhq.jetty9.server.handler.HandlerWrapper.handle(HandlerWrapper.java:132)
	at org.seleniumhq.jetty9.server.Server.handle(Server.java:503)
	at org.seleniumhq.jetty9.server.HttpChannel.handle(HttpChannel.java:364)
	at org.seleniumhq.jetty9.server.HttpConnection.onFillable(HttpConnection.java:260)
	at org.seleniumhq.jetty9.io.AbstractConnection$ReadCallback.succeeded(AbstractConnection.java:305)
	at org.seleniumhq.jetty9.io.FillInterest.fillable(FillInterest.java:103)
	at org.seleniumhq.jetty9.io.ChannelEndPoint$2.run(ChannelEndPoint.java:118)
	at org.seleniumhq.jetty9.util.thread.strategy.EatWhatYouKill.runTask(EatWhatYouKill.java:333)
	at org.seleniumhq.jetty9.util.thread.strategy.EatWhatYouKill.doProduce(EatWhatYouKill.java:310)
	at org.seleniumhq.jetty9.util.thread.strategy.EatWhatYouKill.tryProduce(EatWhatYouKill.java:168)
	at org.seleniumhq.jetty9.util.thread.strategy.EatWhatYouKill.run(EatWhatYouKill.java:126)
	at org.seleniumhq.jetty9.util.thread.ReservedThreadExecutor$ReservedThread.run(ReservedThreadExecutor.java:366)
	at org.seleniumhq.jetty9.util.thread.QueuedThreadPool.runJob(QueuedThreadPool.java:765)
	at org.seleniumhq.jetty9.util.thread.QueuedThreadPool$2.run(QueuedThreadPool.java:683)
	at java.lang.Thread.run(Thread.java:748)
</pre>
<hr><a href="http://eclipse.org/jetty">Powered by Jetty:// 9.4.z-SNAPSHOT</a><hr/>

</body>
</html>

	at learnGridAppium.TestCase2.device2Execution(TestCase2.java:24)
Caused by: org.openqa.selenium.json.JsonException: 
Unable to determine type from: <. Last 1 characters read: <
Build info: version: '3.141.59', revision: 'e82be7d358', time: '2018-11-14T08:17:03'
System info: host: 'DESKTOP-2BP4J25', ip: '192.168.1.102', os.name: 'Windows 10', os.arch: 'amd64', os.version: '10.0', java.version: '1.8.0_291'
Driver info: driver.version: AndroidDriver
	at learnGridAppium.TestCase2.device2Execution(TestCase2.java:24)

device1Execution(learnGridAppium.TestCase1)  Time elapsed: 0.095 sec  <<< FAILURE!
org.openqa.selenium.SessionNotCreatedException: 
Unable to create a new remote session. Please check the server log for more details. Original error: Unable to parse remote response: <html>
<head>
<meta http-equiv="Content-Type" content="text/html;charset=utf-8"/>
<title>Error 500 Server Error</title>
</head>
<body><h2>HTTP ERROR 500</h2>
<p>Problem accessing /wd/hub/session. Reason:
<pre>    Server Error</pre></p><h3>Caused by:</h3><pre>java.io.IOException: org.openqa.grid.common.exception.GridException: Cannot extract a capabilities from the request: {
  &quot;desiredCapabilities&quot;: {
    &quot;appActivity&quot;: &quot;com.android.calculator2.Calculator&quot;,
    &quot;appPackage&quot;: &quot;com.android.calculator2&quot;,
    &quot;automationName&quot;: &quot;UiAutomator2&quot;,
    &quot;suppressKillServer&quot;: true,
    &quot;platformName&quot;: &quot;Android&quot;
  },
  &quot;capabilities&quot;: {
    &quot;firstMatch&quot;: [
      {
        &quot;appium:appActivity&quot;: &quot;com.android.calculator2.Calculator&quot;,
        &quot;appium:appPackage&quot;: &quot;com.android.calculator2&quot;,
        &quot;appium:automationName&quot;: &quot;UiAutomator2&quot;,
        &quot;platformName&quot;: &quot;android&quot;,
        &quot;suppressKillServer&quot;: true
      }
    ]
  }
}
	at org.openqa.grid.web.servlet.DriverServlet.process(DriverServlet.java:138)
	at org.openqa.grid.web.servlet.DriverServlet.doPost(DriverServlet.java:69)
	at javax.servlet.http.HttpServlet.service(HttpServlet.java:707)
	at javax.servlet.http.HttpServlet.service(HttpServlet.java:790)
	at org.seleniumhq.jetty9.servlet.ServletHolder.handle(ServletHolder.java:865)
	at org.seleniumhq.jetty9.servlet.ServletHandler.doHandle(ServletHandler.java:535)
	at org.seleniumhq.jetty9.server.handler.ScopedHandler.handle(ScopedHandler.java:146)
	at org.seleniumhq.jetty9.security.SecurityHandler.handle(SecurityHandler.java:548)
	at org.seleniumhq.jetty9.server.handler.HandlerWrapper.handle(HandlerWrapper.java:132)
	at org.seleniumhq.jetty9.server.handler.ScopedHandler.nextHandle(ScopedHandler.java:257)
	at org.seleniumhq.jetty9.server.session.SessionHandler.doHandle(SessionHandler.java:1595)
	at org.seleniumhq.jetty9.server.handler.ScopedHandler.nextHandle(ScopedHandler.java:255)
	at org.seleniumhq.jetty9.server.handler.ContextHandler.doHandle(ContextHandler.java:1340)
	at org.seleniumhq.jetty9.server.handler.ScopedHandler.nextScope(ScopedHandler.java:203)
	at org.seleniumhq.jetty9.servlet.ServletHandler.doScope(ServletHandler.java:473)
	at org.seleniumhq.jetty9.server.session.SessionHandler.doScope(SessionHandler.java:1564)
	at org.seleniumhq.jetty9.server.handler.ScopedHandler.nextScope(ScopedHandler.java:201)
	at org.seleniumhq.jetty9.server.handler.ContextHandler.doScope(ContextHandler.java:1242)
	at org.seleniumhq.jetty9.server.handler.ScopedHandler.handle(ScopedHandler.java:144)
	at org.seleniumhq.jetty9.server.handler.HandlerWrapper.handle(HandlerWrapper.java:132)
	at org.seleniumhq.jetty9.server.Server.handle(Server.java:503)
	at org.seleniumhq.jetty9.server.HttpChannel.handle(HttpChannel.java:364)
	at org.seleniumhq.jetty9.server.HttpConnection.onFillable(HttpConnection.java:260)
	at org.seleniumhq.jetty9.io.AbstractConnection$ReadCallback.succeeded(AbstractConnection.java:305)
	at org.seleniumhq.jetty9.io.FillInterest.fillable(FillInterest.java:103)
	at org.seleniumhq.jetty9.io.ChannelEndPoint$2.run(ChannelEndPoint.java:118)
	at org.seleniumhq.jetty9.util.thread.strategy.EatWhatYouKill.runTask(EatWhatYouKill.java:333)
	at org.seleniumhq.jetty9.util.thread.strategy.EatWhatYouKill.doProduce(EatWhatYouKill.java:310)
	at org.seleniumhq.jetty9.util.thread.strategy.EatWhatYouKill.tryProduce(EatWhatYouKill.java:168)
	at org.seleniumhq.jetty9.util.thread.strategy.EatWhatYouKill.run(EatWhatYouKill.java:126)
	at org.seleniumhq.jetty9.util.thread.ReservedThreadExecutor$ReservedThread.run(ReservedThreadExecutor.java:366)
	at org.seleniumhq.jetty9.util.thread.QueuedThreadPool.runJob(QueuedThreadPool.java:765)
	at org.seleniumhq.jetty9.util.thread.QueuedThreadPool$2.run(QueuedThreadPool.java:683)
	at java.lang.Thread.run(Thread.java:748)
Caused by: org.openqa.grid.common.exception.GridException: Cannot extract a capabilities from the request: {
  &quot;desiredCapabilities&quot;: {
    &quot;appActivity&quot;: &quot;com.android.calculator2.Calculator&quot;,
    &quot;appPackage&quot;: &quot;com.android.calculator2&quot;,
    &quot;automationName&quot;: &quot;UiAutomator2&quot;,
    &quot;suppressKillServer&quot;: true,
    &quot;platformName&quot;: &quot;Android&quot;
  },
  &quot;capabilities&quot;: {
    &quot;firstMatch&quot;: [
      {
        &quot;appium:appActivity&quot;: &quot;com.android.calculator2.Calculator&quot;,
        &quot;appium:appPackage&quot;: &quot;com.android.calculator2&quot;,
        &quot;appium:automationName&quot;: &quot;UiAutomator2&quot;,
        &quot;platformName&quot;: &quot;android&quot;,
        &quot;suppressKillServer&quot;: true
      }
    ]
  }
}
	at org.openqa.grid.web.servlet.handler.WebDriverRequest.extractDesiredCapability(WebDriverRequest.java:74)
	at org.openqa.grid.web.servlet.handler.SeleniumBasedRequest.&lt;init&gt;(SeleniumBasedRequest.java:102)
	at org.openqa.grid.web.servlet.handler.WebDriverRequest.&lt;init&gt;(WebDriverRequest.java:36)
	at org.openqa.grid.web.servlet.handler.WebDriverRequestFactory.createFromRequest(WebDriverRequestFactory.java:30)
	at org.openqa.grid.web.servlet.handler.SeleniumBasedRequest.createFromRequest(SeleniumBasedRequest.java:73)
	at org.openqa.grid.web.servlet.DriverServlet.process(DriverServlet.java:83)
	... 33 more
Caused by: java.lang.IllegalArgumentException: Illegal key values seen in w3c capabilities: [suppressKillServer]
	at org.openqa.selenium.remote.NewSessionPayload.lambda$validate$5(NewSessionPayload.java:205)
	at java.util.stream.ReferencePipeline$11$1.accept(ReferencePipeline.java:372)
	at java.util.stream.ReferencePipeline$11$1.accept(ReferencePipeline.java:373)
	at java.util.stream.ReferencePipeline$3$1.accept(ReferencePipeline.java:193)
	at java.util.stream.ReferencePipeline$11$1.accept(ReferencePipeline.java:373)
	at java.util.ArrayList$ArrayListSpliterator.forEachRemaining(ArrayList.java:1384)
	at java.util.stream.AbstractPipeline.copyInto(AbstractPipeline.java:482)
	at java.util.stream.AbstractPipeline.wrapAndCopyInto(AbstractPipeline.java:472)
	at java.util.stream.ForEachOps$ForEachOp.evaluateSequential(ForEachOps.java:151)
	at java.util.stream.ForEachOps$ForEachOp$OfRef.evaluateSequential(ForEachOps.java:174)
	at java.util.stream.AbstractPipeline.evaluate(AbstractPipeline.java:234)
	at java.util.stream.ReferencePipeline.forEach(ReferencePipeline.java:418)
	at org.openqa.selenium.remote.NewSessionPayload.validate(NewSessionPayload.java:209)
	at org.openqa.selenium.remote.NewSessionPayload.&lt;init&gt;(NewSessionPayload.java:154)
	at org.openqa.selenium.remote.NewSessionPayload.create(NewSessionPayload.java:105)
	at org.openqa.grid.web.servlet.handler.WebDriverRequest.extractDesiredCapability(WebDriverRequest.java:66)
	... 38 more
</pre>
<h3>Caused by:</h3><pre>org.openqa.grid.common.exception.GridException: Cannot extract a capabilities from the request: {
  &quot;desiredCapabilities&quot;: {
    &quot;appActivity&quot;: &quot;com.android.calculator2.Calculator&quot;,
    &quot;appPackage&quot;: &quot;com.android.calculator2&quot;,
    &quot;automationName&quot;: &quot;UiAutomator2&quot;,
    &quot;suppressKillServer&quot;: true,
    &quot;platformName&quot;: &quot;Android&quot;
  },
  &quot;capabilities&quot;: {
    &quot;firstMatch&quot;: [
      {
        &quot;appium:appActivity&quot;: &quot;com.android.calculator2.Calculator&quot;,
        &quot;appium:appPackage&quot;: &quot;com.android.calculator2&quot;,
        &quot;appium:automationName&quot;: &quot;UiAutomator2&quot;,
        &quot;platformName&quot;: &quot;android&quot;,
        &quot;suppressKillServer&quot;: true
      }
    ]
  }
}
	at org.openqa.grid.web.servlet.handler.WebDriverRequest.extractDesiredCapability(WebDriverRequest.java:74)
	at org.openqa.grid.web.servlet.handler.SeleniumBasedRequest.&lt;init&gt;(SeleniumBasedRequest.java:102)
	at org.openqa.grid.web.servlet.handler.WebDriverRequest.&lt;init&gt;(WebDriverRequest.java:36)
	at org.openqa.grid.web.servlet.handler.WebDriverRequestFactory.createFromRequest(WebDriverRequestFactory.java:30)
	at org.openqa.grid.web.servlet.handler.SeleniumBasedRequest.createFromRequest(SeleniumBasedRequest.java:73)
	at org.openqa.grid.web.servlet.DriverServlet.process(DriverServlet.java:83)
	at org.openqa.grid.web.servlet.DriverServlet.doPost(DriverServlet.java:69)
	at javax.servlet.http.HttpServlet.service(HttpServlet.java:707)
	at javax.servlet.http.HttpServlet.service(HttpServlet.java:790)
	at org.seleniumhq.jetty9.servlet.ServletHolder.handle(ServletHolder.java:865)
	at org.seleniumhq.jetty9.servlet.ServletHandler.doHandle(ServletHandler.java:535)
	at org.seleniumhq.jetty9.server.handler.ScopedHandler.handle(ScopedHandler.java:146)
	at org.seleniumhq.jetty9.security.SecurityHandler.handle(SecurityHandler.java:548)
	at org.seleniumhq.jetty9.server.handler.HandlerWrapper.handle(HandlerWrapper.java:132)
	at org.seleniumhq.jetty9.server.handler.ScopedHandler.nextHandle(ScopedHandler.java:257)
	at org.seleniumhq.jetty9.server.session.SessionHandler.doHandle(SessionHandler.java:1595)
	at org.seleniumhq.jetty9.server.handler.ScopedHandler.nextHandle(ScopedHandler.java:255)
	at org.seleniumhq.jetty9.server.handler.ContextHandler.doHandle(ContextHandler.java:1340)
	at org.seleniumhq.jetty9.server.handler.ScopedHandler.nextScope(ScopedHandler.java:203)
	at org.seleniumhq.jetty9.servlet.ServletHandler.doScope(ServletHandler.java:473)
	at org.seleniumhq.jetty9.server.session.SessionHandler.doScope(SessionHandler.java:1564)
	at org.seleniumhq.jetty9.server.handler.ScopedHandler.nextScope(ScopedHandler.java:201)
	at org.seleniumhq.jetty9.server.handler.ContextHandler.doScope(ContextHandler.java:1242)
	at org.seleniumhq.jetty9.server.handler.ScopedHandler.handle(ScopedHandler.java:144)
	at org.seleniumhq.jetty9.server.handler.HandlerWrapper.handle(HandlerWrapper.java:132)
	at org.seleniumhq.jetty9.server.Server.handle(Server.java:503)
	at org.seleniumhq.jetty9.server.HttpChannel.handle(HttpChannel.java:364)
	at org.seleniumhq.jetty9.server.HttpConnection.onFillable(HttpConnection.java:260)
	at org.seleniumhq.jetty9.io.AbstractConnection$ReadCallback.succeeded(AbstractConnection.java:305)
	at org.seleniumhq.jetty9.io.FillInterest.fillable(FillInterest.java:103)
	at org.seleniumhq.jetty9.io.ChannelEndPoint$2.run(ChannelEndPoint.java:118)
	at org.seleniumhq.jetty9.util.thread.strategy.EatWhatYouKill.runTask(EatWhatYouKill.java:333)
	at org.seleniumhq.jetty9.util.thread.strategy.EatWhatYouKill.doProduce(EatWhatYouKill.java:310)
	at org.seleniumhq.jetty9.util.thread.strategy.EatWhatYouKill.tryProduce(EatWhatYouKill.java:168)
	at org.seleniumhq.jetty9.util.thread.strategy.EatWhatYouKill.run(EatWhatYouKill.java:126)
	at org.seleniumhq.jetty9.util.thread.ReservedThreadExecutor$ReservedThread.run(ReservedThreadExecutor.java:366)
	at org.seleniumhq.jetty9.util.thread.QueuedThreadPool.runJob(QueuedThreadPool.java:765)
	at org.seleniumhq.jetty9.util.thread.QueuedThreadPool$2.run(QueuedThreadPool.java:683)
	at java.lang.Thread.run(Thread.java:748)
Caused by: java.lang.IllegalArgumentException: Illegal key values seen in w3c capabilities: [suppressKillServer]
	at org.openqa.selenium.remote.NewSessionPayload.lambda$validate$5(NewSessionPayload.java:205)
	at java.util.stream.ReferencePipeline$11$1.accept(ReferencePipeline.java:372)
	at java.util.stream.ReferencePipeline$11$1.accept(ReferencePipeline.java:373)
	at java.util.stream.ReferencePipeline$3$1.accept(ReferencePipeline.java:193)
	at java.util.stream.ReferencePipeline$11$1.accept(ReferencePipeline.java:373)
	at java.util.ArrayList$ArrayListSpliterator.forEachRemaining(ArrayList.java:1384)
	at java.util.stream.AbstractPipeline.copyInto(AbstractPipeline.java:482)
	at java.util.stream.AbstractPipeline.wrapAndCopyInto(AbstractPipeline.java:472)
	at java.util.stream.ForEachOps$ForEachOp.evaluateSequential(ForEachOps.java:151)
	at java.util.stream.ForEachOps$ForEachOp$OfRef.evaluateSequential(ForEachOps.java:174)
	at java.util.stream.AbstractPipeline.evaluate(AbstractPipeline.java:234)
	at java.util.stream.ReferencePipeline.forEach(ReferencePipeline.java:418)
	at org.openqa.selenium.remote.NewSessionPayload.validate(NewSessionPayload.java:209)
	at org.openqa.selenium.remote.NewSessionPayload.&lt;init&gt;(NewSessionPayload.java:154)
	at org.openqa.selenium.remote.NewSessionPayload.create(NewSessionPayload.java:105)
	at org.openqa.grid.web.servlet.handler.WebDriverRequest.extractDesiredCapability(WebDriverRequest.java:66)
	... 38 more
</pre>
<h3>Caused by:</h3><pre>java.lang.IllegalArgumentException: Illegal key values seen in w3c capabilities: [suppressKillServer]
	at org.openqa.selenium.remote.NewSessionPayload.lambda$validate$5(NewSessionPayload.java:205)
	at java.util.stream.ReferencePipeline$11$1.accept(ReferencePipeline.java:372)
	at java.util.stream.ReferencePipeline$11$1.accept(ReferencePipeline.java:373)
	at java.util.stream.ReferencePipeline$3$1.accept(ReferencePipeline.java:193)
	at java.util.stream.ReferencePipeline$11$1.accept(ReferencePipeline.java:373)
	at java.util.ArrayList$ArrayListSpliterator.forEachRemaining(ArrayList.java:1384)
	at java.util.stream.AbstractPipeline.copyInto(AbstractPipeline.java:482)
	at java.util.stream.AbstractPipeline.wrapAndCopyInto(AbstractPipeline.java:472)
	at java.util.stream.ForEachOps$ForEachOp.evaluateSequential(ForEachOps.java:151)
	at java.util.stream.ForEachOps$ForEachOp$OfRef.evaluateSequential(ForEachOps.java:174)
	at java.util.stream.AbstractPipeline.evaluate(AbstractPipeline.java:234)
	at java.util.stream.ReferencePipeline.forEach(ReferencePipeline.java:418)
	at org.openqa.selenium.remote.NewSessionPayload.validate(NewSessionPayload.java:209)
	at org.openqa.selenium.remote.NewSessionPayload.&lt;init&gt;(NewSessionPayload.java:154)
	at org.openqa.selenium.remote.NewSessionPayload.create(NewSessionPayload.java:105)
	at org.openqa.grid.web.servlet.handler.WebDriverRequest.extractDesiredCapability(WebDriverRequest.java:66)
	at org.openqa.grid.web.servlet.handler.SeleniumBasedRequest.&lt;init&gt;(SeleniumBasedRequest.java:102)
	at org.openqa.grid.web.servlet.handler.WebDriverRequest.&lt;init&gt;(WebDriverRequest.java:36)
	at org.openqa.grid.web.servlet.handler.WebDriverRequestFactory.createFromRequest(WebDriverRequestFactory.java:30)
	at org.openqa.grid.web.servlet.handler.SeleniumBasedRequest.createFromRequest(SeleniumBasedRequest.java:73)
	at org.openqa.grid.web.servlet.DriverServlet.process(DriverServlet.java:83)
	at org.openqa.grid.web.servlet.DriverServlet.doPost(DriverServlet.java:69)
	at javax.servlet.http.HttpServlet.service(HttpServlet.java:707)
	at javax.servlet.http.HttpServlet.service(HttpServlet.java:790)
	at org.seleniumhq.jetty9.servlet.ServletHolder.handle(ServletHolder.java:865)
	at org.seleniumhq.jetty9.servlet.ServletHandler.doHandle(ServletHandler.java:535)
	at org.seleniumhq.jetty9.server.handler.ScopedHandler.handle(ScopedHandler.java:146)
	at org.seleniumhq.jetty9.security.SecurityHandler.handle(SecurityHandler.java:548)
	at org.seleniumhq.jetty9.server.handler.HandlerWrapper.handle(HandlerWrapper.java:132)
	at org.seleniumhq.jetty9.server.handler.ScopedHandler.nextHandle(ScopedHandler.java:257)
	at org.seleniumhq.jetty9.server.session.SessionHandler.doHandle(SessionHandler.java:1595)
	at org.seleniumhq.jetty9.server.handler.ScopedHandler.nextHandle(ScopedHandler.java:255)
	at org.seleniumhq.jetty9.server.handler.ContextHandler.doHandle(ContextHandler.java:1340)
	at org.seleniumhq.jetty9.server.handler.ScopedHandler.nextScope(ScopedHandler.java:203)
	at org.seleniumhq.jetty9.servlet.ServletHandler.doScope(ServletHandler.java:473)
	at org.seleniumhq.jetty9.server.session.SessionHandler.doScope(SessionHandler.java:1564)
	at org.seleniumhq.jetty9.server.handler.ScopedHandler.nextScope(ScopedHandler.java:201)
	at org.seleniumhq.jetty9.server.handler.ContextHandler.doScope(ContextHandler.java:1242)
	at org.seleniumhq.jetty9.server.handler.ScopedHandler.handle(ScopedHandler.java:144)
	at org.seleniumhq.jetty9.server.handler.HandlerWrapper.handle(HandlerWrapper.java:132)
	at org.seleniumhq.jetty9.server.Server.handle(Server.java:503)
	at org.seleniumhq.jetty9.server.HttpChannel.handle(HttpChannel.java:364)
	at org.seleniumhq.jetty9.server.HttpConnection.onFillable(HttpConnection.java:260)
	at org.seleniumhq.jetty9.io.AbstractConnection$ReadCallback.succeeded(AbstractConnection.java:305)
	at org.seleniumhq.jetty9.io.FillInterest.fillable(FillInterest.java:103)
	at org.seleniumhq.jetty9.io.ChannelEndPoint$2.run(ChannelEndPoint.java:118)
	at org.seleniumhq.jetty9.util.thread.strategy.EatWhatYouKill.runTask(EatWhatYouKill.java:333)
	at org.seleniumhq.jetty9.util.thread.strategy.EatWhatYouKill.doProduce(EatWhatYouKill.java:310)
	at org.seleniumhq.jetty9.util.thread.strategy.EatWhatYouKill.tryProduce(EatWhatYouKill.java:168)
	at org.seleniumhq.jetty9.util.thread.strategy.EatWhatYouKill.run(EatWhatYouKill.java:126)
	at org.seleniumhq.jetty9.util.thread.ReservedThreadExecutor$ReservedThread.run(ReservedThreadExecutor.java:366)
	at org.seleniumhq.jetty9.util.thread.QueuedThreadPool.runJob(QueuedThreadPool.java:765)
	at org.seleniumhq.jetty9.util.thread.QueuedThreadPool$2.run(QueuedThreadPool.java:683)
	at java.lang.Thread.run(Thread.java:748)
</pre>
<hr><a href="http://eclipse.org/jetty">Powered by Jetty:// 9.4.z-SNAPSHOT</a><hr/>

</body>
</html>

Build info: version: '3.141.59', revision: 'e82be7d358', time: '2018-11-14T08:17:03'
System info: host: 'DESKTOP-2BP4J25', ip: '192.168.1.102', os.name: 'Windows 10', os.arch: 'amd64', os.version: '10.0', java.version: '1.8.0_291'
Driver info: driver.version: AndroidDriver
	at learnGridAppium.TestCase1.device1Execution(TestCase1.java:24)
Caused by: java.lang.reflect.InvocationTargetException
	at learnGridAppium.TestCase1.device1Execution(TestCase1.java:24)
Caused by: org.openqa.selenium.WebDriverException: 
Unable to parse remote response: <html>
<head>
<meta http-equiv="Content-Type" content="text/html;charset=utf-8"/>
<title>Error 500 Server Error</title>
</head>
<body><h2>HTTP ERROR 500</h2>
<p>Problem accessing /wd/hub/session. Reason:
<pre>    Server Error</pre></p><h3>Caused by:</h3><pre>java.io.IOException: org.openqa.grid.common.exception.GridException: Cannot extract a capabilities from the request: {
  &quot;desiredCapabilities&quot;: {
    &quot;appActivity&quot;: &quot;com.android.calculator2.Calculator&quot;,
    &quot;appPackage&quot;: &quot;com.android.calculator2&quot;,
    &quot;automationName&quot;: &quot;UiAutomator2&quot;,
    &quot;suppressKillServer&quot;: true,
    &quot;platformName&quot;: &quot;Android&quot;
  },
  &quot;capabilities&quot;: {
    &quot;firstMatch&quot;: [
      {
        &quot;appium:appActivity&quot;: &quot;com.android.calculator2.Calculator&quot;,
        &quot;appium:appPackage&quot;: &quot;com.android.calculator2&quot;,
        &quot;appium:automationName&quot;: &quot;UiAutomator2&quot;,
        &quot;platformName&quot;: &quot;android&quot;,
        &quot;suppressKillServer&quot;: true
      }
    ]
  }
}
	at org.openqa.grid.web.servlet.DriverServlet.process(DriverServlet.java:138)
	at org.openqa.grid.web.servlet.DriverServlet.doPost(DriverServlet.java:69)
	at javax.servlet.http.HttpServlet.service(HttpServlet.java:707)
	at javax.servlet.http.HttpServlet.service(HttpServlet.java:790)
	at org.seleniumhq.jetty9.servlet.ServletHolder.handle(ServletHolder.java:865)
	at org.seleniumhq.jetty9.servlet.ServletHandler.doHandle(ServletHandler.java:535)
	at org.seleniumhq.jetty9.server.handler.ScopedHandler.handle(ScopedHandler.java:146)
	at org.seleniumhq.jetty9.security.SecurityHandler.handle(SecurityHandler.java:548)
	at org.seleniumhq.jetty9.server.handler.HandlerWrapper.handle(HandlerWrapper.java:132)
	at org.seleniumhq.jetty9.server.handler.ScopedHandler.nextHandle(ScopedHandler.java:257)
	at org.seleniumhq.jetty9.server.session.SessionHandler.doHandle(SessionHandler.java:1595)
	at org.seleniumhq.jetty9.server.handler.ScopedHandler.nextHandle(ScopedHandler.java:255)
	at org.seleniumhq.jetty9.server.handler.ContextHandler.doHandle(ContextHandler.java:1340)
	at org.seleniumhq.jetty9.server.handler.ScopedHandler.nextScope(ScopedHandler.java:203)
	at org.seleniumhq.jetty9.servlet.ServletHandler.doScope(ServletHandler.java:473)
	at org.seleniumhq.jetty9.server.session.SessionHandler.doScope(SessionHandler.java:1564)
	at org.seleniumhq.jetty9.server.handler.ScopedHandler.nextScope(ScopedHandler.java:201)
	at org.seleniumhq.jetty9.server.handler.ContextHandler.doScope(ContextHandler.java:1242)
	at org.seleniumhq.jetty9.server.handler.ScopedHandler.handle(ScopedHandler.java:144)
	at org.seleniumhq.jetty9.server.handler.HandlerWrapper.handle(HandlerWrapper.java:132)
	at org.seleniumhq.jetty9.server.Server.handle(Server.java:503)
	at org.seleniumhq.jetty9.server.HttpChannel.handle(HttpChannel.java:364)
	at org.seleniumhq.jetty9.server.HttpConnection.onFillable(HttpConnection.java:260)
	at org.seleniumhq.jetty9.io.AbstractConnection$ReadCallback.succeeded(AbstractConnection.java:305)
	at org.seleniumhq.jetty9.io.FillInterest.fillable(FillInterest.java:103)
	at org.seleniumhq.jetty9.io.ChannelEndPoint$2.run(ChannelEndPoint.java:118)
	at org.seleniumhq.jetty9.util.thread.strategy.EatWhatYouKill.runTask(EatWhatYouKill.java:333)
	at org.seleniumhq.jetty9.util.thread.strategy.EatWhatYouKill.doProduce(EatWhatYouKill.java:310)
	at org.seleniumhq.jetty9.util.thread.strategy.EatWhatYouKill.tryProduce(EatWhatYouKill.java:168)
	at org.seleniumhq.jetty9.util.thread.strategy.EatWhatYouKill.run(EatWhatYouKill.java:126)
	at org.seleniumhq.jetty9.util.thread.ReservedThreadExecutor$ReservedThread.run(ReservedThreadExecutor.java:366)
	at org.seleniumhq.jetty9.util.thread.QueuedThreadPool.runJob(QueuedThreadPool.java:765)
	at org.seleniumhq.jetty9.util.thread.QueuedThreadPool$2.run(QueuedThreadPool.java:683)
	at java.lang.Thread.run(Thread.java:748)
Caused by: org.openqa.grid.common.exception.GridException: Cannot extract a capabilities from the request: {
  &quot;desiredCapabilities&quot;: {
    &quot;appActivity&quot;: &quot;com.android.calculator2.Calculator&quot;,
    &quot;appPackage&quot;: &quot;com.android.calculator2&quot;,
    &quot;automationName&quot;: &quot;UiAutomator2&quot;,
    &quot;suppressKillServer&quot;: true,
    &quot;platformName&quot;: &quot;Android&quot;
  },
  &quot;capabilities&quot;: {
    &quot;firstMatch&quot;: [
      {
        &quot;appium:appActivity&quot;: &quot;com.android.calculator2.Calculator&quot;,
        &quot;appium:appPackage&quot;: &quot;com.android.calculator2&quot;,
        &quot;appium:automationName&quot;: &quot;UiAutomator2&quot;,
        &quot;platformName&quot;: &quot;android&quot;,
        &quot;suppressKillServer&quot;: true
      }
    ]
  }
}
	at org.openqa.grid.web.servlet.handler.WebDriverRequest.extractDesiredCapability(WebDriverRequest.java:74)
	at org.openqa.grid.web.servlet.handler.SeleniumBasedRequest.&lt;init&gt;(SeleniumBasedRequest.java:102)
	at org.openqa.grid.web.servlet.handler.WebDriverRequest.&lt;init&gt;(WebDriverRequest.java:36)
	at org.openqa.grid.web.servlet.handler.WebDriverRequestFactory.createFromRequest(WebDriverRequestFactory.java:30)
	at org.openqa.grid.web.servlet.handler.SeleniumBasedRequest.createFromRequest(SeleniumBasedRequest.java:73)
	at org.openqa.grid.web.servlet.DriverServlet.process(DriverServlet.java:83)
	... 33 more
Caused by: java.lang.IllegalArgumentException: Illegal key values seen in w3c capabilities: [suppressKillServer]
	at org.openqa.selenium.remote.NewSessionPayload.lambda$validate$5(NewSessionPayload.java:205)
	at java.util.stream.ReferencePipeline$11$1.accept(ReferencePipeline.java:372)
	at java.util.stream.ReferencePipeline$11$1.accept(ReferencePipeline.java:373)
	at java.util.stream.ReferencePipeline$3$1.accept(ReferencePipeline.java:193)
	at java.util.stream.ReferencePipeline$11$1.accept(ReferencePipeline.java:373)
	at java.util.ArrayList$ArrayListSpliterator.forEachRemaining(ArrayList.java:1384)
	at java.util.stream.AbstractPipeline.copyInto(AbstractPipeline.java:482)
	at java.util.stream.AbstractPipeline.wrapAndCopyInto(AbstractPipeline.java:472)
	at java.util.stream.ForEachOps$ForEachOp.evaluateSequential(ForEachOps.java:151)
	at java.util.stream.ForEachOps$ForEachOp$OfRef.evaluateSequential(ForEachOps.java:174)
	at java.util.stream.AbstractPipeline.evaluate(AbstractPipeline.java:234)
	at java.util.stream.ReferencePipeline.forEach(ReferencePipeline.java:418)
	at org.openqa.selenium.remote.NewSessionPayload.validate(NewSessionPayload.java:209)
	at org.openqa.selenium.remote.NewSessionPayload.&lt;init&gt;(NewSessionPayload.java:154)
	at org.openqa.selenium.remote.NewSessionPayload.create(NewSessionPayload.java:105)
	at org.openqa.grid.web.servlet.handler.WebDriverRequest.extractDesiredCapability(WebDriverRequest.java:66)
	... 38 more
</pre>
<h3>Caused by:</h3><pre>org.openqa.grid.common.exception.GridException: Cannot extract a capabilities from the request: {
  &quot;desiredCapabilities&quot;: {
    &quot;appActivity&quot;: &quot;com.android.calculator2.Calculator&quot;,
    &quot;appPackage&quot;: &quot;com.android.calculator2&quot;,
    &quot;automationName&quot;: &quot;UiAutomator2&quot;,
    &quot;suppressKillServer&quot;: true,
    &quot;platformName&quot;: &quot;Android&quot;
  },
  &quot;capabilities&quot;: {
    &quot;firstMatch&quot;: [
      {
        &quot;appium:appActivity&quot;: &quot;com.android.calculator2.Calculator&quot;,
        &quot;appium:appPackage&quot;: &quot;com.android.calculator2&quot;,
        &quot;appium:automationName&quot;: &quot;UiAutomator2&quot;,
        &quot;platformName&quot;: &quot;android&quot;,
        &quot;suppressKillServer&quot;: true
      }
    ]
  }
}
	at org.openqa.grid.web.servlet.handler.WebDriverRequest.extractDesiredCapability(WebDriverRequest.java:74)
	at org.openqa.grid.web.servlet.handler.SeleniumBasedRequest.&lt;init&gt;(SeleniumBasedRequest.java:102)
	at org.openqa.grid.web.servlet.handler.WebDriverRequest.&lt;init&gt;(WebDriverRequest.java:36)
	at org.openqa.grid.web.servlet.handler.WebDriverRequestFactory.createFromRequest(WebDriverRequestFactory.java:30)
	at org.openqa.grid.web.servlet.handler.SeleniumBasedRequest.createFromRequest(SeleniumBasedRequest.java:73)
	at org.openqa.grid.web.servlet.DriverServlet.process(DriverServlet.java:83)
	at org.openqa.grid.web.servlet.DriverServlet.doPost(DriverServlet.java:69)
	at javax.servlet.http.HttpServlet.service(HttpServlet.java:707)
	at javax.servlet.http.HttpServlet.service(HttpServlet.java:790)
	at org.seleniumhq.jetty9.servlet.ServletHolder.handle(ServletHolder.java:865)
	at org.seleniumhq.jetty9.servlet.ServletHandler.doHandle(ServletHandler.java:535)
	at org.seleniumhq.jetty9.server.handler.ScopedHandler.handle(ScopedHandler.java:146)
	at org.seleniumhq.jetty9.security.SecurityHandler.handle(SecurityHandler.java:548)
	at org.seleniumhq.jetty9.server.handler.HandlerWrapper.handle(HandlerWrapper.java:132)
	at org.seleniumhq.jetty9.server.handler.ScopedHandler.nextHandle(ScopedHandler.java:257)
	at org.seleniumhq.jetty9.server.session.SessionHandler.doHandle(SessionHandler.java:1595)
	at org.seleniumhq.jetty9.server.handler.ScopedHandler.nextHandle(ScopedHandler.java:255)
	at org.seleniumhq.jetty9.server.handler.ContextHandler.doHandle(ContextHandler.java:1340)
	at org.seleniumhq.jetty9.server.handler.ScopedHandler.nextScope(ScopedHandler.java:203)
	at org.seleniumhq.jetty9.servlet.ServletHandler.doScope(ServletHandler.java:473)
	at org.seleniumhq.jetty9.server.session.SessionHandler.doScope(SessionHandler.java:1564)
	at org.seleniumhq.jetty9.server.handler.ScopedHandler.nextScope(ScopedHandler.java:201)
	at org.seleniumhq.jetty9.server.handler.ContextHandler.doScope(ContextHandler.java:1242)
	at org.seleniumhq.jetty9.server.handler.ScopedHandler.handle(ScopedHandler.java:144)
	at org.seleniumhq.jetty9.server.handler.HandlerWrapper.handle(HandlerWrapper.java:132)
	at org.seleniumhq.jetty9.server.Server.handle(Server.java:503)
	at org.seleniumhq.jetty9.server.HttpChannel.handle(HttpChannel.java:364)
	at org.seleniumhq.jetty9.server.HttpConnection.onFillable(HttpConnection.java:260)
	at org.seleniumhq.jetty9.io.AbstractConnection$ReadCallback.succeeded(AbstractConnection.java:305)
	at org.seleniumhq.jetty9.io.FillInterest.fillable(FillInterest.java:103)
	at org.seleniumhq.jetty9.io.ChannelEndPoint$2.run(ChannelEndPoint.java:118)
	at org.seleniumhq.jetty9.util.thread.strategy.EatWhatYouKill.runTask(EatWhatYouKill.java:333)
	at org.seleniumhq.jetty9.util.thread.strategy.EatWhatYouKill.doProduce(EatWhatYouKill.java:310)
	at org.seleniumhq.jetty9.util.thread.strategy.EatWhatYouKill.tryProduce(EatWhatYouKill.java:168)
	at org.seleniumhq.jetty9.util.thread.strategy.EatWhatYouKill.run(EatWhatYouKill.java:126)
	at org.seleniumhq.jetty9.util.thread.ReservedThreadExecutor$ReservedThread.run(ReservedThreadExecutor.java:366)
	at org.seleniumhq.jetty9.util.thread.QueuedThreadPool.runJob(QueuedThreadPool.java:765)
	at org.seleniumhq.jetty9.util.thread.QueuedThreadPool$2.run(QueuedThreadPool.java:683)
	at java.lang.Thread.run(Thread.java:748)
Caused by: java.lang.IllegalArgumentException: Illegal key values seen in w3c capabilities: [suppressKillServer]
	at org.openqa.selenium.remote.NewSessionPayload.lambda$validate$5(NewSessionPayload.java:205)
	at java.util.stream.ReferencePipeline$11$1.accept(ReferencePipeline.java:372)
	at java.util.stream.ReferencePipeline$11$1.accept(ReferencePipeline.java:373)
	at java.util.stream.ReferencePipeline$3$1.accept(ReferencePipeline.java:193)
	at java.util.stream.ReferencePipeline$11$1.accept(ReferencePipeline.java:373)
	at java.util.ArrayList$ArrayListSpliterator.forEachRemaining(ArrayList.java:1384)
	at java.util.stream.AbstractPipeline.copyInto(AbstractPipeline.java:482)
	at java.util.stream.AbstractPipeline.wrapAndCopyInto(AbstractPipeline.java:472)
	at java.util.stream.ForEachOps$ForEachOp.evaluateSequential(ForEachOps.java:151)
	at java.util.stream.ForEachOps$ForEachOp$OfRef.evaluateSequential(ForEachOps.java:174)
	at java.util.stream.AbstractPipeline.evaluate(AbstractPipeline.java:234)
	at java.util.stream.ReferencePipeline.forEach(ReferencePipeline.java:418)
	at org.openqa.selenium.remote.NewSessionPayload.validate(NewSessionPayload.java:209)
	at org.openqa.selenium.remote.NewSessionPayload.&lt;init&gt;(NewSessionPayload.java:154)
	at org.openqa.selenium.remote.NewSessionPayload.create(NewSessionPayload.java:105)
	at org.openqa.grid.web.servlet.handler.WebDriverRequest.extractDesiredCapability(WebDriverRequest.java:66)
	... 38 more
</pre>
<h3>Caused by:</h3><pre>java.lang.IllegalArgumentException: Illegal key values seen in w3c capabilities: [suppressKillServer]
	at org.openqa.selenium.remote.NewSessionPayload.lambda$validate$5(NewSessionPayload.java:205)
	at java.util.stream.ReferencePipeline$11$1.accept(ReferencePipeline.java:372)
	at java.util.stream.ReferencePipeline$11$1.accept(ReferencePipeline.java:373)
	at java.util.stream.ReferencePipeline$3$1.accept(ReferencePipeline.java:193)
	at java.util.stream.ReferencePipeline$11$1.accept(ReferencePipeline.java:373)
	at java.util.ArrayList$ArrayListSpliterator.forEachRemaining(ArrayList.java:1384)
	at java.util.stream.AbstractPipeline.copyInto(AbstractPipeline.java:482)
	at java.util.stream.AbstractPipeline.wrapAndCopyInto(AbstractPipeline.java:472)
	at java.util.stream.ForEachOps$ForEachOp.evaluateSequential(ForEachOps.java:151)
	at java.util.stream.ForEachOps$ForEachOp$OfRef.evaluateSequential(ForEachOps.java:174)
	at java.util.stream.AbstractPipeline.evaluate(AbstractPipeline.java:234)
	at java.util.stream.ReferencePipeline.forEach(ReferencePipeline.java:418)
	at org.openqa.selenium.remote.NewSessionPayload.validate(NewSessionPayload.java:209)
	at org.openqa.selenium.remote.NewSessionPayload.&lt;init&gt;(NewSessionPayload.java:154)
	at org.openqa.selenium.remote.NewSessionPayload.create(NewSessionPayload.java:105)
	at org.openqa.grid.web.servlet.handler.WebDriverRequest.extractDesiredCapability(WebDriverRequest.java:66)
	at org.openqa.grid.web.servlet.handler.SeleniumBasedRequest.&lt;init&gt;(SeleniumBasedRequest.java:102)
	at org.openqa.grid.web.servlet.handler.WebDriverRequest.&lt;init&gt;(WebDriverRequest.java:36)
	at org.openqa.grid.web.servlet.handler.WebDriverRequestFactory.createFromRequest(WebDriverRequestFactory.java:30)
	at org.openqa.grid.web.servlet.handler.SeleniumBasedRequest.createFromRequest(SeleniumBasedRequest.java:73)
	at org.openqa.grid.web.servlet.DriverServlet.process(DriverServlet.java:83)
	at org.openqa.grid.web.servlet.DriverServlet.doPost(DriverServlet.java:69)
	at javax.servlet.http.HttpServlet.service(HttpServlet.java:707)
	at javax.servlet.http.HttpServlet.service(HttpServlet.java:790)
	at org.seleniumhq.jetty9.servlet.ServletHolder.handle(ServletHolder.java:865)
	at org.seleniumhq.jetty9.servlet.ServletHandler.doHandle(ServletHandler.java:535)
	at org.seleniumhq.jetty9.server.handler.ScopedHandler.handle(ScopedHandler.java:146)
	at org.seleniumhq.jetty9.security.SecurityHandler.handle(SecurityHandler.java:548)
	at org.seleniumhq.jetty9.server.handler.HandlerWrapper.handle(HandlerWrapper.java:132)
	at org.seleniumhq.jetty9.server.handler.ScopedHandler.nextHandle(ScopedHandler.java:257)
	at org.seleniumhq.jetty9.server.session.SessionHandler.doHandle(SessionHandler.java:1595)
	at org.seleniumhq.jetty9.server.handler.ScopedHandler.nextHandle(ScopedHandler.java:255)
	at org.seleniumhq.jetty9.server.handler.ContextHandler.doHandle(ContextHandler.java:1340)
	at org.seleniumhq.jetty9.server.handler.ScopedHandler.nextScope(ScopedHandler.java:203)
	at org.seleniumhq.jetty9.servlet.ServletHandler.doScope(ServletHandler.java:473)
	at org.seleniumhq.jetty9.server.session.SessionHandler.doScope(SessionHandler.java:1564)
	at org.seleniumhq.jetty9.server.handler.ScopedHandler.nextScope(ScopedHandler.java:201)
	at org.seleniumhq.jetty9.server.handler.ContextHandler.doScope(ContextHandler.java:1242)
	at org.seleniumhq.jetty9.server.handler.ScopedHandler.handle(ScopedHandler.java:144)
	at org.seleniumhq.jetty9.server.handler.HandlerWrapper.handle(HandlerWrapper.java:132)
	at org.seleniumhq.jetty9.server.Server.handle(Server.java:503)
	at org.seleniumhq.jetty9.server.HttpChannel.handle(HttpChannel.java:364)
	at org.seleniumhq.jetty9.server.HttpConnection.onFillable(HttpConnection.java:260)
	at org.seleniumhq.jetty9.io.AbstractConnection$ReadCallback.succeeded(AbstractConnection.java:305)
	at org.seleniumhq.jetty9.io.FillInterest.fillable(FillInterest.java:103)
	at org.seleniumhq.jetty9.io.ChannelEndPoint$2.run(ChannelEndPoint.java:118)
	at org.seleniumhq.jetty9.util.thread.strategy.EatWhatYouKill.runTask(EatWhatYouKill.java:333)
	at org.seleniumhq.jetty9.util.thread.strategy.EatWhatYouKill.doProduce(EatWhatYouKill.java:310)
	at org.seleniumhq.jetty9.util.thread.strategy.EatWhatYouKill.tryProduce(EatWhatYouKill.java:168)
	at org.seleniumhq.jetty9.util.thread.strategy.EatWhatYouKill.run(EatWhatYouKill.java:126)
	at org.seleniumhq.jetty9.util.thread.ReservedThreadExecutor$ReservedThread.run(ReservedThreadExecutor.java:366)
	at org.seleniumhq.jetty9.util.thread.QueuedThreadPool.runJob(QueuedThreadPool.java:765)
	at org.seleniumhq.jetty9.util.thread.QueuedThreadPool$2.run(QueuedThreadPool.java:683)
	at java.lang.Thread.run(Thread.java:748)
</pre>
<hr><a href="http://eclipse.org/jetty">Powered by Jetty:// 9.4.z-SNAPSHOT</a><hr/>

</body>
</html>

	at learnGridAppium.TestCase1.device1Execution(TestCase1.java:24)
Caused by: org.openqa.selenium.json.JsonException: 
Unable to determine type from: <. Last 1 characters read: <
Build info: version: '3.141.59', revision: 'e82be7d358', time: '2018-11-14T08:17:03'
System info: host: 'DESKTOP-2BP4J25', ip: '192.168.1.102', os.name: 'Windows 10', os.arch: 'amd64', os.version: '10.0', java.version: '1.8.0_291'
Driver info: driver.version: AndroidDriver
	at learnGridAppium.TestCase1.device1Execution(TestCase1.java:24)

